build/app/intermediates/manifest_merge_blame_file/release/manifest-merger-blame-release-report.txt
1<?xml version="1.0" encoding="utf-8"?>
2<manifest xmlns:android="http://schemas.android.com/apk/res/android"
3    package="com.kc.airecipegenerator"
4    android:versionCode="1"
5    android:versionName="1.0.0" >
6
7    <uses-sdk
8        android:minSdkVersion="21"
8-->src\main\AndroidManifest.xml
9        android:targetSdkVersion="33" />
9-->src\main\AndroidManifest.xml
10
11    <uses-permission android:name="android.permission.INTERNET" />
11-->src\main\AndroidManifest.xml:2:5-67
11-->src\main\AndroidManifest.xml:2:22-64
12    <!-- Although the *SdkVersion is captured in gradle build files, this is required for non gradle builds -->
13    <!-- <uses-sdk android:minSdkVersion="14" /> -->
14    <uses-permission android:name="android.permission.ACCESS_NETWORK_STATE" />
14-->[com.google.firebase:firebase-firestore:24.9.1] AndroidManifest.xml:10:5-79
14-->[com.google.firebase:firebase-firestore:24.9.1] AndroidManifest.xml:10:22-76
15    <uses-permission android:name="com.google.android.gms.permission.AD_ID" />
15-->[com.google.android.gms:play-services-ads-lite:22.6.0] AndroidManifest.xml:26:5-79
15-->[com.google.android.gms:play-services-ads-lite:22.6.0] AndroidManifest.xml:26:22-76
16    <uses-permission android:name="android.permission.ACCESS_ADSERVICES_AD_ID" />
16-->[com.google.android.gms:play-services-ads-lite:22.6.0] AndroidManifest.xml:27:5-82
16-->[com.google.android.gms:play-services-ads-lite:22.6.0] AndroidManifest.xml:27:22-79
17    <uses-permission android:name="android.permission.ACCESS_ADSERVICES_ATTRIBUTION" />
17-->[com.google.android.gms:play-services-ads-lite:22.6.0] AndroidManifest.xml:28:5-88
17-->[com.google.android.gms:play-services-ads-lite:22.6.0] AndroidManifest.xml:28:22-85
18    <uses-permission android:name="android.permission.ACCESS_ADSERVICES_TOPICS" /> <!-- Android package visibility setting -->
18-->[com.google.android.gms:play-services-ads-lite:22.6.0] AndroidManifest.xml:29:5-83
18-->[com.google.android.gms:play-services-ads-lite:22.6.0] AndroidManifest.xml:29:22-80
19    <queries>
19-->[com.google.android.gms:play-services-ads-lite:22.6.0] AndroidManifest.xml:35:5-51:15
20
21        <!-- For browser content -->
22        <intent>
22-->[com.google.android.gms:play-services-ads-lite:22.6.0] AndroidManifest.xml:38:9-44:18
23            <action android:name="android.intent.action.VIEW" />
23-->[com.google.firebase:firebase-auth:22.3.0] AndroidManifest.xml:36:17-69
23-->[com.google.firebase:firebase-auth:22.3.0] AndroidManifest.xml:36:25-66
24
25            <category android:name="android.intent.category.BROWSABLE" />
25-->[com.google.firebase:firebase-auth:22.3.0] AndroidManifest.xml:39:17-78
25-->[com.google.firebase:firebase-auth:22.3.0] AndroidManifest.xml:39:27-75
26
27            <data android:scheme="https" />
27-->[com.google.firebase:firebase-auth:22.3.0] AndroidManifest.xml:41:17-44:51
27-->[com.google.firebase:firebase-auth:22.3.0] AndroidManifest.xml:44:21-48
28        </intent>
29        <!-- End of browser content -->
30        <!-- For CustomTabsService -->
31        <intent>
31-->[com.google.android.gms:play-services-ads-lite:22.6.0] AndroidManifest.xml:47:9-49:18
32            <action android:name="android.support.customtabs.action.CustomTabsService" />
32-->[com.google.android.gms:play-services-ads-lite:22.6.0] AndroidManifest.xml:48:13-90
32-->[com.google.android.gms:play-services-ads-lite:22.6.0] AndroidManifest.xml:48:21-87
33        </intent>
34        <!-- End of CustomTabsService -->
35    </queries>
36
37    <uses-permission android:name="android.permission.WAKE_LOCK" />
37-->[com.google.android.gms:play-services-measurement-sdk-api:20.1.2] AndroidManifest.xml:25:5-68
37-->[com.google.android.gms:play-services-measurement-sdk-api:20.1.2] AndroidManifest.xml:25:22-65
38    <uses-permission android:name="android.permission.FOREGROUND_SERVICE" />
38-->[androidx.work:work-runtime:2.7.0] AndroidManifest.xml:28:5-77
38-->[androidx.work:work-runtime:2.7.0] AndroidManifest.xml:28:22-74
39
40    <permission
40-->[androidx.core:core:1.10.1] AndroidManifest.xml:22:5-24:47
41        android:name="com.kc.airecipegenerator.DYNAMIC_RECEIVER_NOT_EXPORTED_PERMISSION"
41-->[androidx.core:core:1.10.1] AndroidManifest.xml:23:9-81
42        android:protectionLevel="signature" />
42-->[androidx.core:core:1.10.1] AndroidManifest.xml:24:9-44
43
44    <uses-permission android:name="com.kc.airecipegenerator.DYNAMIC_RECEIVER_NOT_EXPORTED_PERMISSION" />
44-->[androidx.core:core:1.10.1] AndroidManifest.xml:26:5-97
44-->[androidx.core:core:1.10.1] AndroidManifest.xml:26:22-94
45
46    <application
47        android:name="android.app.Application"
47-->src\main\AndroidManifest.xml:5:9-42
48        android:appComponentFactory="androidx.core.app.CoreComponentFactory"
48-->[androidx.core:core:1.10.1] AndroidManifest.xml:28:18-86
49        android:icon="@mipmap/launcher_icon"
49-->src\main\AndroidManifest.xml:6:9-45
50        android:label="Recipe AI" >
50-->src\main\AndroidManifest.xml:4:9-34
51        <activity
51-->src\main\AndroidManifest.xml:7:9-27:20
52            android:name="com.kc.airecipegenerator.MainActivity"
52-->src\main\AndroidManifest.xml:8:13-41
53            android:configChanges="orientation|keyboardHidden|keyboard|screenSize|smallestScreenSize|locale|layoutDirection|fontScale|screenLayout|density|uiMode"
53-->src\main\AndroidManifest.xml:12:13-163
54            android:exported="true"
54-->src\main\AndroidManifest.xml:9:13-36
55            android:hardwareAccelerated="true"
55-->src\main\AndroidManifest.xml:13:13-47
56            android:launchMode="singleTop"
56-->src\main\AndroidManifest.xml:10:13-43
57            android:theme="@style/LaunchTheme"
57-->src\main\AndroidManifest.xml:11:13-47
58            android:windowSoftInputMode="adjustResize" >
58-->src\main\AndroidManifest.xml:14:13-55
59
60            <!--
61                 Specifies an Android theme to apply to this Activity as soon as
62                 the Android process has started. This theme is visible to the user
63                 while the Flutter UI initializes. After that, this theme continues
64                 to determine the Window background behind the Flutter UI.
65            -->
66            <meta-data
66-->src\main\AndroidManifest.xml:19:13-22:17
67                android:name="io.flutter.embedding.android.NormalTheme"
67-->src\main\AndroidManifest.xml:20:15-70
68                android:resource="@style/NormalTheme" />
68-->src\main\AndroidManifest.xml:21:15-52
69
70            <intent-filter>
70-->src\main\AndroidManifest.xml:23:13-26:29
71                <action android:name="android.intent.action.MAIN" />
71-->src\main\AndroidManifest.xml:24:17-68
71-->src\main\AndroidManifest.xml:24:25-66
72
73                <category android:name="android.intent.category.LAUNCHER" />
73-->src\main\AndroidManifest.xml:25:17-76
73-->src\main\AndroidManifest.xml:25:27-74
74            </intent-filter>
75        </activity>
76        <!--
77             Don't delete the meta-data below.
78             This is used by the Flutter tool to generate GeneratedPluginRegistrant.java
79        -->
80        <meta-data
80-->src\main\AndroidManifest.xml:30:9-32:33
81            android:name="flutterEmbedding"
81-->src\main\AndroidManifest.xml:31:13-44
82            android:value="2" />
82-->src\main\AndroidManifest.xml:32:13-30
83        <meta-data
83-->src\main\AndroidManifest.xml:33:10-35:69
84            android:name="com.google.android.gms.ads.APPLICATION_ID"
84-->src\main\AndroidManifest.xml:34:13-69
85            android:value="ca-app-pub-6092802048217588~4283230448" />
85-->src\main\AndroidManifest.xml:35:13-67
86
87        <service
87-->[:firebase_auth] AndroidManifest.xml:10:9-14:19
88            android:name="com.google.firebase.components.ComponentDiscoveryService"
88-->[:firebase_auth] AndroidManifest.xml:10:18-89
89            android:directBootAware="true"
89-->[com.google.firebase:firebase-common:20.4.2] AndroidManifest.xml:32:13-43
90            android:exported="false" >
90-->[com.google.firebase:firebase-firestore:24.9.1] AndroidManifest.xml:16:13-37
91            <meta-data
91-->[:firebase_auth] AndroidManifest.xml:11:13-13:85
92                android:name="com.google.firebase.components:io.flutter.plugins.firebase.auth.FlutterFirebaseAuthRegistrar"
92-->[:firebase_auth] AndroidManifest.xml:12:17-124
93                android:value="com.google.firebase.components.ComponentRegistrar" />
93-->[:firebase_auth] AndroidManifest.xml:13:17-82
94            <meta-data
94-->[:cloud_firestore] AndroidManifest.xml:11:13-13:85
95                android:name="com.google.firebase.components:io.flutter.plugins.firebase.firestore.FlutterFirebaseFirestoreRegistrar"
95-->[:cloud_firestore] AndroidManifest.xml:12:17-134
96                android:value="com.google.firebase.components.ComponentRegistrar" />
96-->[:cloud_firestore] AndroidManifest.xml:13:17-82
97            <meta-data
97-->[:firebase_core] AndroidManifest.xml:11:13-13:85
98                android:name="com.google.firebase.components:io.flutter.plugins.firebase.core.FlutterFirebaseCoreRegistrar"
98-->[:firebase_core] AndroidManifest.xml:12:17-124
99                android:value="com.google.firebase.components.ComponentRegistrar" />
99-->[:firebase_core] AndroidManifest.xml:13:17-82
100            <meta-data
100-->[com.google.firebase:firebase-firestore:24.9.1] AndroidManifest.xml:17:13-19:85
101                android:name="com.google.firebase.components:com.google.firebase.firestore.FirebaseFirestoreKtxRegistrar"
101-->[com.google.firebase:firebase-firestore:24.9.1] AndroidManifest.xml:18:17-122
102                android:value="com.google.firebase.components.ComponentRegistrar" />
102-->[com.google.firebase:firebase-firestore:24.9.1] AndroidManifest.xml:19:17-82
103            <meta-data
103-->[com.google.firebase:firebase-firestore:24.9.1] AndroidManifest.xml:20:13-22:85
104                android:name="com.google.firebase.components:com.google.firebase.firestore.FirestoreRegistrar"
104-->[com.google.firebase:firebase-firestore:24.9.1] AndroidManifest.xml:21:17-111
105                android:value="com.google.firebase.components.ComponentRegistrar" />
105-->[com.google.firebase:firebase-firestore:24.9.1] AndroidManifest.xml:22:17-82
106            <meta-data
106-->[com.google.firebase:firebase-auth:22.3.0] AndroidManifest.xml:69:13-71:85
107                android:name="com.google.firebase.components:com.google.firebase.auth.FirebaseAuthRegistrar"
107-->[com.google.firebase:firebase-auth:22.3.0] AndroidManifest.xml:70:17-109
108                android:value="com.google.firebase.components.ComponentRegistrar" />
108-->[com.google.firebase:firebase-auth:22.3.0] AndroidManifest.xml:71:17-82
109            <meta-data
109-->[com.google.firebase:firebase-common-ktx:20.4.2] AndroidManifest.xml:12:13-14:85
110                android:name="com.google.firebase.components:com.google.firebase.ktx.FirebaseCommonLegacyRegistrar"
110-->[com.google.firebase:firebase-common-ktx:20.4.2] AndroidManifest.xml:13:17-116
111                android:value="com.google.firebase.components.ComponentRegistrar" />
111-->[com.google.firebase:firebase-common-ktx:20.4.2] AndroidManifest.xml:14:17-82
112            <meta-data
112-->[com.google.firebase:firebase-common:20.4.2] AndroidManifest.xml:35:13-37:85
113                android:name="com.google.firebase.components:com.google.firebase.FirebaseCommonKtxRegistrar"
113-->[com.google.firebase:firebase-common:20.4.2] AndroidManifest.xml:36:17-109
114                android:value="com.google.firebase.components.ComponentRegistrar" />
114-->[com.google.firebase:firebase-common:20.4.2] AndroidManifest.xml:37:17-82
115        </service>
116
117        <meta-data
117-->[:google_mobile_ads] AndroidManifest.xml:12:9-14:36
118            android:name="io.flutter.embedded_views_preview"
118-->[:google_mobile_ads] AndroidManifest.xml:13:13-61
119            android:value="true" />
119-->[:google_mobile_ads] AndroidManifest.xml:14:13-33
120        <!--
121           Declares a provider which allows us to store files to share in
122           '.../caches/share_plus' and grant the receiving action access
123        -->
124        <provider
124-->[:share_plus] AndroidManifest.xml:15:9-23:20
125            android:name="dev.fluttercommunity.plus.share.ShareFileProvider"
125-->[:share_plus] AndroidManifest.xml:16:13-77
126            android:authorities="com.kc.airecipegenerator.flutter.share_provider"
126-->[:share_plus] AndroidManifest.xml:17:13-74
127            android:exported="false"
127-->[:share_plus] AndroidManifest.xml:18:13-37
128            android:grantUriPermissions="true" >
128-->[:share_plus] AndroidManifest.xml:19:13-47
129            <meta-data
129-->[:share_plus] AndroidManifest.xml:20:13-22:68
130                android:name="android.support.FILE_PROVIDER_PATHS"
130-->[:share_plus] AndroidManifest.xml:21:17-67
131                android:resource="@xml/flutter_share_file_paths" />
131-->[:share_plus] AndroidManifest.xml:22:17-65
132        </provider>
133        <!--
134           This manifest declared broadcast receiver allows us to use an explicit
135           Intent when creating a PendingItent to be informed of the user's choice
136        -->
137        <receiver
137-->[:share_plus] AndroidManifest.xml:28:9-34:20
138            android:name="dev.fluttercommunity.plus.share.SharePlusPendingIntent"
138-->[:share_plus] AndroidManifest.xml:29:13-82
139            android:exported="false" >
139-->[:share_plus] AndroidManifest.xml:30:13-37
140            <intent-filter>
140-->[:share_plus] AndroidManifest.xml:31:13-33:29
141                <action android:name="EXTRA_CHOSEN_COMPONENT" />
141-->[:share_plus] AndroidManifest.xml:32:17-65
141-->[:share_plus] AndroidManifest.xml:32:25-62
142            </intent-filter>
143        </receiver>
144
145        <activity
145-->[:url_launcher_android] AndroidManifest.xml:10:9-13:74
146            android:name="io.flutter.plugins.urllauncher.WebViewActivity"
146-->[:url_launcher_android] AndroidManifest.xml:11:13-74
147            android:exported="false"
147-->[:url_launcher_android] AndroidManifest.xml:12:13-37
148            android:theme="@android:style/Theme.NoTitleBar.Fullscreen" />
148-->[:url_launcher_android] AndroidManifest.xml:13:13-71
149
150        <uses-library
150-->[androidx.privacysandbox.ads:ads-adservices:1.0.0-beta05] AndroidManifest.xml:23:9-25:40
151            android:name="android.ext.adservices"
151-->[androidx.privacysandbox.ads:ads-adservices:1.0.0-beta05] AndroidManifest.xml:24:13-50
152            android:required="false" />
152-->[androidx.privacysandbox.ads:ads-adservices:1.0.0-beta05] AndroidManifest.xml:25:13-37
153
154        <activity
154-->[com.google.firebase:firebase-auth:22.3.0] AndroidManifest.xml:29:9-46:20
155            android:name="com.google.firebase.auth.internal.GenericIdpActivity"
155-->[com.google.firebase:firebase-auth:22.3.0] AndroidManifest.xml:30:13-80
156            android:excludeFromRecents="true"
156-->[com.google.firebase:firebase-auth:22.3.0] AndroidManifest.xml:31:13-46
157            android:exported="true"
157-->[com.google.firebase:firebase-auth:22.3.0] AndroidManifest.xml:32:13-36
158            android:launchMode="singleTask"
158-->[com.google.firebase:firebase-auth:22.3.0] AndroidManifest.xml:33:13-44
159            android:theme="@android:style/Theme.Translucent.NoTitleBar" >
159-->[com.google.firebase:firebase-auth:22.3.0] AndroidManifest.xml:34:13-72
160            <intent-filter>
160-->[com.google.firebase:firebase-auth:22.3.0] AndroidManifest.xml:35:13-45:29
161                <action android:name="android.intent.action.VIEW" />
161-->[com.google.firebase:firebase-auth:22.3.0] AndroidManifest.xml:36:17-69
161-->[com.google.firebase:firebase-auth:22.3.0] AndroidManifest.xml:36:25-66
162
163                <category android:name="android.intent.category.DEFAULT" />
163-->[com.google.firebase:firebase-auth:22.3.0] AndroidManifest.xml:38:17-76
163-->[com.google.firebase:firebase-auth:22.3.0] AndroidManifest.xml:38:27-73
164                <category android:name="android.intent.category.BROWSABLE" />
164-->[com.google.firebase:firebase-auth:22.3.0] AndroidManifest.xml:39:17-78
164-->[com.google.firebase:firebase-auth:22.3.0] AndroidManifest.xml:39:27-75
165
166                <data
166-->[com.google.firebase:firebase-auth:22.3.0] AndroidManifest.xml:41:17-44:51
167                    android:host="firebase.auth"
167-->[com.google.firebase:firebase-auth:22.3.0] AndroidManifest.xml:42:21-49
168                    android:path="/"
168-->[com.google.firebase:firebase-auth:22.3.0] AndroidManifest.xml:43:21-37
169                    android:scheme="genericidp" />
169-->[com.google.firebase:firebase-auth:22.3.0] AndroidManifest.xml:44:21-48
170            </intent-filter>
171        </activity>
172        <activity
172-->[com.google.firebase:firebase-auth:22.3.0] AndroidManifest.xml:47:9-64:20
173            android:name="com.google.firebase.auth.internal.RecaptchaActivity"
173-->[com.google.firebase:firebase-auth:22.3.0] AndroidManifest.xml:48:13-79
174            android:excludeFromRecents="true"
174-->[com.google.firebase:firebase-auth:22.3.0] AndroidManifest.xml:49:13-46
175            android:exported="true"
175-->[com.google.firebase:firebase-auth:22.3.0] AndroidManifest.xml:50:13-36
176            android:launchMode="singleTask"
176-->[com.google.firebase:firebase-auth:22.3.0] AndroidManifest.xml:51:13-44
177            android:theme="@android:style/Theme.Translucent.NoTitleBar" >
177-->[com.google.firebase:firebase-auth:22.3.0] AndroidManifest.xml:52:13-72
178            <intent-filter>
178-->[com.google.firebase:firebase-auth:22.3.0] AndroidManifest.xml:53:13-63:29
179                <action android:name="android.intent.action.VIEW" />
179-->[com.google.firebase:firebase-auth:22.3.0] AndroidManifest.xml:36:17-69
179-->[com.google.firebase:firebase-auth:22.3.0] AndroidManifest.xml:36:25-66
180
181                <category android:name="android.intent.category.DEFAULT" />
181-->[com.google.firebase:firebase-auth:22.3.0] AndroidManifest.xml:38:17-76
181-->[com.google.firebase:firebase-auth:22.3.0] AndroidManifest.xml:38:27-73
182                <category android:name="android.intent.category.BROWSABLE" />
182-->[com.google.firebase:firebase-auth:22.3.0] AndroidManifest.xml:39:17-78
182-->[com.google.firebase:firebase-auth:22.3.0] AndroidManifest.xml:39:27-75
183
184                <data
184-->[com.google.firebase:firebase-auth:22.3.0] AndroidManifest.xml:41:17-44:51
185                    android:host="firebase.auth"
185-->[com.google.firebase:firebase-auth:22.3.0] AndroidManifest.xml:42:21-49
186                    android:path="/"
186-->[com.google.firebase:firebase-auth:22.3.0] AndroidManifest.xml:43:21-37
187                    android:scheme="recaptcha" />
187-->[com.google.firebase:firebase-auth:22.3.0] AndroidManifest.xml:44:21-48
188            </intent-filter>
189        </activity> <!-- Include the AdActivity and InAppPurchaseActivity configChanges and themes. -->
190        <activity
190-->[com.google.android.gms:play-services-ads-lite:22.6.0] AndroidManifest.xml:56:9-61:43
191            android:name="com.google.android.gms.ads.AdActivity"
191-->[com.google.android.gms:play-services-ads-lite:22.6.0] AndroidManifest.xml:57:13-65
192            android:configChanges="keyboard|keyboardHidden|orientation|screenLayout|uiMode|screenSize|smallestScreenSize"
192-->[com.google.android.gms:play-services-ads-lite:22.6.0] AndroidManifest.xml:58:13-122
193            android:exported="false"
193-->[com.google.android.gms:play-services-ads-lite:22.6.0] AndroidManifest.xml:59:13-37
194            android:theme="@android:style/Theme.Translucent" />
194-->[com.google.android.gms:play-services-ads-lite:22.6.0] AndroidManifest.xml:60:13-61
195
196        <provider
196-->[com.google.android.gms:play-services-ads-lite:22.6.0] AndroidManifest.xml:63:9-68:43
197            android:name="com.google.android.gms.ads.MobileAdsInitProvider"
197-->[com.google.android.gms:play-services-ads-lite:22.6.0] AndroidManifest.xml:64:13-76
198            android:authorities="com.kc.airecipegenerator.mobileadsinitprovider"
198-->[com.google.android.gms:play-services-ads-lite:22.6.0] AndroidManifest.xml:65:13-73
199            android:exported="false"
199-->[com.google.android.gms:play-services-ads-lite:22.6.0] AndroidManifest.xml:66:13-37
200            android:initOrder="100" />
200-->[com.google.android.gms:play-services-ads-lite:22.6.0] AndroidManifest.xml:67:13-36
201
202        <service
202-->[com.google.android.gms:play-services-ads-lite:22.6.0] AndroidManifest.xml:70:9-74:43
203            android:name="com.google.android.gms.ads.AdService"
203-->[com.google.android.gms:play-services-ads-lite:22.6.0] AndroidManifest.xml:71:13-64
204            android:enabled="true"
204-->[com.google.android.gms:play-services-ads-lite:22.6.0] AndroidManifest.xml:72:13-35
205            android:exported="false" />
205-->[com.google.android.gms:play-services-ads-lite:22.6.0] AndroidManifest.xml:73:13-37
206
207        <activity
207-->[com.google.android.gms:play-services-ads-lite:22.6.0] AndroidManifest.xml:76:9-80:43
208            android:name="com.google.android.gms.ads.OutOfContextTestingActivity"
208-->[com.google.android.gms:play-services-ads-lite:22.6.0] AndroidManifest.xml:77:13-82
209            android:configChanges="keyboard|keyboardHidden|orientation|screenLayout|uiMode|screenSize|smallestScreenSize"
209-->[com.google.android.gms:play-services-ads-lite:22.6.0] AndroidManifest.xml:78:13-122
210            android:exported="false" />
210-->[com.google.android.gms:play-services-ads-lite:22.6.0] AndroidManifest.xml:79:13-37
211        <activity
211-->[com.google.android.gms:play-services-ads-lite:22.6.0] AndroidManifest.xml:81:9-88:43
212            android:name="com.google.android.gms.ads.NotificationHandlerActivity"
212-->[com.google.android.gms:play-services-ads-lite:22.6.0] AndroidManifest.xml:82:13-82
213            android:excludeFromRecents="true"
213-->[com.google.android.gms:play-services-ads-lite:22.6.0] AndroidManifest.xml:83:13-46
214            android:exported="false"
214-->[com.google.android.gms:play-services-ads-lite:22.6.0] AndroidManifest.xml:84:13-37
215            android:launchMode="singleTask"
215-->[com.google.android.gms:play-services-ads-lite:22.6.0] AndroidManifest.xml:85:13-44
216            android:taskAffinity=""
216-->[com.google.android.gms:play-services-ads-lite:22.6.0] AndroidManifest.xml:86:13-36
217            android:theme="@android:style/Theme.Translucent.NoTitleBar" />
217-->[com.google.android.gms:play-services-ads-lite:22.6.0] AndroidManifest.xml:87:13-72
218
219        <property
219-->[com.google.android.gms:play-services-ads-lite:22.6.0] AndroidManifest.xml:90:9-92:62
220            android:name="android.adservices.AD_SERVICES_CONFIG"
220-->[com.google.android.gms:play-services-ads-lite:22.6.0] AndroidManifest.xml:91:13-65
221            android:resource="@xml/gma_ad_services_config" />
221-->[com.google.android.gms:play-services-ads-lite:22.6.0] AndroidManifest.xml:92:13-59
222
223        <activity
223-->[com.google.android.gms:play-services-auth:20.7.0] AndroidManifest.xml:23:9-27:75
224            android:name="com.google.android.gms.auth.api.signin.internal.SignInHubActivity"
224-->[com.google.android.gms:play-services-auth:20.7.0] AndroidManifest.xml:24:13-93
225            android:excludeFromRecents="true"
225-->[com.google.android.gms:play-services-auth:20.7.0] AndroidManifest.xml:25:13-46
226            android:exported="false"
226-->[com.google.android.gms:play-services-auth:20.7.0] AndroidManifest.xml:26:13-37
227            android:theme="@android:style/Theme.Translucent.NoTitleBar" />
227-->[com.google.android.gms:play-services-auth:20.7.0] AndroidManifest.xml:27:13-72
228        <!--
229            Service handling Google Sign-In user revocation. For apps that do not integrate with
230            Google Sign-In, this service will never be started.
231        -->
232        <service
232-->[com.google.android.gms:play-services-auth:20.7.0] AndroidManifest.xml:33:9-37:51
233            android:name="com.google.android.gms.auth.api.signin.RevocationBoundService"
233-->[com.google.android.gms:play-services-auth:20.7.0] AndroidManifest.xml:34:13-89
234            android:exported="true"
234-->[com.google.android.gms:play-services-auth:20.7.0] AndroidManifest.xml:35:13-36
235            android:permission="com.google.android.gms.auth.api.signin.permission.REVOCATION_NOTIFICATION"
235-->[com.google.android.gms:play-services-auth:20.7.0] AndroidManifest.xml:36:13-107
236            android:visibleToInstantApps="true" />
236-->[com.google.android.gms:play-services-auth:20.7.0] AndroidManifest.xml:37:13-48
237
238        <provider
238-->[com.google.firebase:firebase-common:20.4.2] AndroidManifest.xml:23:9-28:39
239            android:name="com.google.firebase.provider.FirebaseInitProvider"
239-->[com.google.firebase:firebase-common:20.4.2] AndroidManifest.xml:24:13-77
240            android:authorities="com.kc.airecipegenerator.firebaseinitprovider"
240-->[com.google.firebase:firebase-common:20.4.2] AndroidManifest.xml:25:13-72
241            android:directBootAware="true"
241-->[com.google.firebase:firebase-common:20.4.2] AndroidManifest.xml:26:13-43
242            android:exported="false"
242-->[com.google.firebase:firebase-common:20.4.2] AndroidManifest.xml:27:13-37
243            android:initOrder="100" />
243-->[com.google.firebase:firebase-common:20.4.2] AndroidManifest.xml:28:13-36
244
245        <activity
245-->[com.google.android.gms:play-services-base:18.0.1] AndroidManifest.xml:20:9-22:45
246            android:name="com.google.android.gms.common.api.GoogleApiActivity"
246-->[com.google.android.gms:play-services-base:18.0.1] AndroidManifest.xml:20:19-85
247            android:exported="false"
247-->[com.google.android.gms:play-services-base:18.0.1] AndroidManifest.xml:22:19-43
248            android:theme="@android:style/Theme.Translucent.NoTitleBar" />
248-->[com.google.android.gms:play-services-base:18.0.1] AndroidManifest.xml:21:19-78
249
250        <meta-data
250-->[com.google.android.gms:play-services-basement:18.2.0] AndroidManifest.xml:21:9-23:69
251            android:name="com.google.android.gms.version"
251-->[com.google.android.gms:play-services-basement:18.2.0] AndroidManifest.xml:22:13-58
252            android:value="@integer/google_play_services_version" />
252-->[com.google.android.gms:play-services-basement:18.2.0] AndroidManifest.xml:23:13-66
253
254        <provider
254-->[androidx.work:work-runtime:2.7.0] AndroidManifest.xml:31:9-39:20
255            android:name="androidx.startup.InitializationProvider"
255-->[androidx.work:work-runtime:2.7.0] AndroidManifest.xml:32:13-67
256            android:authorities="com.kc.airecipegenerator.androidx-startup"
256-->[androidx.work:work-runtime:2.7.0] AndroidManifest.xml:33:13-68
257            android:exported="false" >
257-->[androidx.work:work-runtime:2.7.0] AndroidManifest.xml:34:13-37
258            <meta-data
258-->[androidx.work:work-runtime:2.7.0] AndroidManifest.xml:36:13-38:52
259                android:name="androidx.work.WorkManagerInitializer"
259-->[androidx.work:work-runtime:2.7.0] AndroidManifest.xml:37:17-68
260                android:value="androidx.startup" />
260-->[androidx.work:work-runtime:2.7.0] AndroidManifest.xml:38:17-49
261            <meta-data
261-->[androidx.lifecycle:lifecycle-process:2.6.2] AndroidManifest.xml:29:13-31:52
262                android:name="androidx.lifecycle.ProcessLifecycleInitializer"
262-->[androidx.lifecycle:lifecycle-process:2.6.2] AndroidManifest.xml:30:17-78
263                android:value="androidx.startup" />
263-->[androidx.lifecycle:lifecycle-process:2.6.2] AndroidManifest.xml:31:17-49
264            <meta-data
264-->[androidx.profileinstaller:profileinstaller:1.3.0] AndroidManifest.xml:29:13-31:52
265                android:name="androidx.profileinstaller.ProfileInstallerInitializer"
265-->[androidx.profileinstaller:profileinstaller:1.3.0] AndroidManifest.xml:30:17-85
266                android:value="androidx.startup" />
266-->[androidx.profileinstaller:profileinstaller:1.3.0] AndroidManifest.xml:31:17-49
267        </provider>
268
269        <service
269-->[androidx.work:work-runtime:2.7.0] AndroidManifest.xml:41:9-46:35
270            android:name="androidx.work.impl.background.systemalarm.SystemAlarmService"
270-->[androidx.work:work-runtime:2.7.0] AndroidManifest.xml:42:13-88
271            android:directBootAware="false"
271-->[androidx.work:work-runtime:2.7.0] AndroidManifest.xml:43:13-44
272            android:enabled="@bool/enable_system_alarm_service_default"
272-->[androidx.work:work-runtime:2.7.0] AndroidManifest.xml:44:13-72
273            android:exported="false" />
273-->[androidx.work:work-runtime:2.7.0] AndroidManifest.xml:45:13-37
274        <service
274-->[androidx.work:work-runtime:2.7.0] AndroidManifest.xml:47:9-53:35
275            android:name="androidx.work.impl.background.systemjob.SystemJobService"
275-->[androidx.work:work-runtime:2.7.0] AndroidManifest.xml:48:13-84
276            android:directBootAware="false"
276-->[androidx.work:work-runtime:2.7.0] AndroidManifest.xml:49:13-44
277            android:enabled="@bool/enable_system_job_service_default"
277-->[androidx.work:work-runtime:2.7.0] AndroidManifest.xml:50:13-70
278            android:exported="true"
278-->[androidx.work:work-runtime:2.7.0] AndroidManifest.xml:51:13-36
279            android:permission="android.permission.BIND_JOB_SERVICE" />
279-->[androidx.work:work-runtime:2.7.0] AndroidManifest.xml:52:13-69
280        <service
280-->[androidx.work:work-runtime:2.7.0] AndroidManifest.xml:54:9-59:35
281            android:name="androidx.work.impl.foreground.SystemForegroundService"